<?xml version="1.0" encoding="UTF-8"?>
<!-- Generated by org.testng.reporters.JUnitXMLReporter -->
<testsuite ignored="0" hostname="LAPTOP-G5CSE2DK" failures="1" tests="6" name="Regression" time="0.052" errors="0" timestamp="2022-05-03T15:52:56 BST">
  <testcase classname="test.demo6" name="HomePage" time="0.007"/>
  <testcase classname="test.demo6" name="LoginPage" time="0.002"/>
  <testcase classname="test.demo6" name="LoginPage" time="0.002"/>
  <testcase classname="test.demo6" name="LoginPage" time="0.001"/>
  <testcase classname="test.demo6" name="MasterPage" time="0.001"/>
  <testcase classname="test.demo6" name="MasterPage2" time="0.003">
    <failure type="java.lang.AssertionError" message="expected [true] but found [false]">
      <![CDATA[java.lang.AssertionError: expected [true] but found [false]
at test.demo6.MasterPage2(demo6.java:39)
at java.base/java.util.concurrent.ThreadPoolExecutor.runWorker(ThreadPoolExecutor.java:1136)
at java.base/java.util.concurrent.ThreadPoolExecutor$Worker.run(ThreadPoolExecutor.java:635)
at java.base/java.lang.Thread.run(Thread.java:833)
... Removed 16 stack frames]]>
    </failure>
  </testcase> <!-- MasterPage2 -->
</testsuite> <!-- Regression -->
