<?xml version="1.0" encoding="UTF-8"?>
<!-- Generated by org.testng.reporters.JUnitXMLReporter -->
<testsuite ignored="3" hostname="LAPTOP-G5CSE2DK" failures="0" tests="1" name="WebPageTest" time="0.004" errors="0" timestamp="2022-03-09T20:17:01 CET">
  <testcase classname="test.demo3" name="HomePage" time="0.001"/>
  <testcase classname="test.demo3" name="MasterPage" time="0.0">
    <ignored/>
  </testcase> <!-- MasterPage -->
  <testcase classname="test.demo3" name="MasterPage2" time="0.0">
    <ignored/>
  </testcase> <!-- MasterPage2 -->
  <testcase classname="test.demo3" name="LoginPage" time="0.0">
    <ignored/>
  </testcase> <!-- LoginPage -->
</testsuite> <!-- WebPageTest -->
